INFO: myinit запущен
INFO: myinit обнаружил задачу: '/bin/sleep 1s /tmp/myinit/in_1 /tmp/myinit/out_1'
INFO: myinit обнаружил задачу: '/bin/sleep 2s /tmp/myinit/in_2 /tmp/myinit/out_2'
INFO: myinit обнаружил задачу: '/bin/sleep 3s /tmp/myinit/in_3 /tmp/myinit/out_3'
INFO: Запущена задача под номером 1
INFO: Запущена задача под номером 2
INFO: Запущена задача под номером 3
INFO: Задача под номером 1 была завершена с кодом 0
INFO: Запущена задача под номером 1
INFO: Задача под номером 2 была завершена с кодом 0
INFO: Запущена задача под номером 2
INFO: Задача под номером 1 была завершена с кодом 0
INFO: Запущена задача под номером 1
INFO: Задача под номером 3 была завершена с кодом 0
INFO: Запущена задача под номером 3
INFO: Задача под номером 2 была завершена сигналом с кодом 15
INFO: Запущена задача под номером 2
INFO: Задача под номером 1 была завершена с кодом 0
INFO: Запущена задача под номером 1
INFO: Задача под номером 1 была завершена с кодом 0
INFO: Запущена задача под номером 1
INFO: myinit поймал сигнал SIGHUP
INFO: Задача под номером 2 была завершена с кодом 0
INFO: Задача под номером 3 была завершена сигналом с кодом 15
INFO: Задача под номером 1 была завершена сигналом с кодом 15
INFO: myinit перезапущен
INFO: myinit обнаружил задачу: '/bin/sleep 4s /tmp/myinit/in_4 /tmp/myinit/out_4'
INFO: Запущена задача под номером 1
INFO: Задача под номером 1 была завершена с кодом 0
INFO: Запущена задача под номером 1
INFO: myinit поймал сигнал SIGINT
INFO: Задача под номером 1 была завершена с кодом 0
INFO: myinit завершен
